/tmp/ccWuw0vC.o: In function `main':
LCD_Control.cpp:(.text+0x10): undefined reference to `GPIO_Library::GPIO::GPIO(int)'
LCD_Control.cpp:(.text+0x1e): undefined reference to `GPIO_Library::GPIO::GPIO(int)'
LCD_Control.cpp:(.text+0x2c): undefined reference to `GPIO_Library::GPIO::GPIO(int)'
LCD_Control.cpp:(.text+0x3a): undefined reference to `GPIO_Library::GPIO::GPIO(int)'
LCD_Control.cpp:(.text+0x48): undefined reference to `GPIO_Library::GPIO::GPIO(int)'
/tmp/ccWuw0vC.o:LCD_Control.cpp:(.text+0x56): more undefined references to `GPIO_Library::GPIO::GPIO(int)' follow
/tmp/ccWuw0vC.o: In function `main':
LCD_Control.cpp:(.text+0xdc): undefined reference to `LCD_4bit_Library::LCD::LCD(GPIO_Library::GPIO, GPIO_Library::GPIO, GPIO_Library::GPIO, GPIO_Library::GPIO, GPIO_Library::GPIO, GPIO_Library::GPIO)'
LCD_Control.cpp:(.text+0xe6): undefined reference to `GPIO_Library::GPIO::~GPIO()'
LCD_Control.cpp:(.text+0xf0): undefined reference to `GPIO_Library::GPIO::~GPIO()'
LCD_Control.cpp:(.text+0xfa): undefined reference to `GPIO_Library::GPIO::~GPIO()'
LCD_Control.cpp:(.text+0x104): undefined reference to `GPIO_Library::GPIO::~GPIO()'
LCD_Control.cpp:(.text+0x10e): undefined reference to `GPIO_Library::GPIO::~GPIO()'
/tmp/ccWuw0vC.o:LCD_Control.cpp:(.text+0x118): more undefined references to `GPIO_Library::GPIO::~GPIO()' follow
/tmp/ccWuw0vC.o: In function `main':
LCD_Control.cpp:(.text+0x122): undefined reference to `LCD_4bit_Library::LCD::LCD_init()'
LCD_Control.cpp:(.text+0x12e): undefined reference to `GPIO_Library::GPIO::~GPIO()'
LCD_Control.cpp:(.text+0x13a): undefined reference to `LCD_4bit_Library::LCD::~LCD()'
LCD_Control.cpp:(.text+0x146): undefined reference to `GPIO_Library::GPIO::~GPIO()'
LCD_Control.cpp:(.text+0x152): undefined reference to `LCD_4bit_Library::LCD::~LCD()'
LCD_Control.cpp:(.text+0x15e): undefined reference to `GPIO_Library::GPIO::~GPIO()'
LCD_Control.cpp:(.text+0x16a): undefined reference to `LCD_4bit_Library::LCD::~LCD()'
LCD_Control.cpp:(.text+0x176): undefined reference to `GPIO_Library::GPIO::~GPIO()'
LCD_Control.cpp:(.text+0x182): undefined reference to `LCD_4bit_Library::LCD::~LCD()'
LCD_Control.cpp:(.text+0x18e): undefined reference to `GPIO_Library::GPIO::~GPIO()'
LCD_Control.cpp:(.text+0x19a): undefined reference to `LCD_4bit_Library::LCD::~LCD()'
LCD_Control.cpp:(.text+0x1a6): undefined reference to `GPIO_Library::GPIO::~GPIO()'
LCD_Control.cpp:(.text+0x1b2): undefined reference to `LCD_4bit_Library::LCD::~LCD()'
LCD_Control.cpp:(.text+0x1be): undefined reference to `GPIO_Library::GPIO::~GPIO()'
LCD_Control.cpp:(.text+0x1ca): undefined reference to `GPIO_Library::GPIO::~GPIO()'
LCD_Control.cpp:(.text+0x1d6): undefined reference to `GPIO_Library::GPIO::~GPIO()'
LCD_Control.cpp:(.text+0x1e2): undefined reference to `GPIO_Library::GPIO::~GPIO()'
LCD_Control.cpp:(.text+0x1ee): undefined reference to `GPIO_Library::GPIO::~GPIO()'
/tmp/ccWuw0vC.o:LCD_Control.cpp:(.text+0x1fa): more undefined references to `GPIO_Library::GPIO::~GPIO()' follow
/tmp/ccWuw0vC.o: In function `GPIO_Library::GPIO::GPIO(GPIO_Library::GPIO const&)':
LCD_Control.cpp:(.text._ZN12GPIO_Library4GPIOC2ERKS0_[_ZN12GPIO_Library4GPIOC5ERKS0_]+0x5c): undefined reference to `vtable for GPIO_Library::GPIO'
collect2: ld returned 1 exit status
